{
  "0 debug pnpm:scope": {
    "selected": 1,
    "workspacePrefix": "/Users/thantyarzarhein/Desktop/milkdown-main"
  },
  "1 info pnpm": {
    "err": {
      "name": "Error",
      "message": "Command failed with ENOENT: watch\nspawn watch ENOENT",
      "code": "ENOENT",
      "stack": "Error: Command failed with ENOENT: watch\nspawn watch ENOENT\n    at Process.ChildProcess._handle.onexit (node:internal/child_process:282:19)\n    at onErrorNT (node:internal/child_process:480:16)\n    at processTicksAndRejections (node:internal/process/task_queues:83:21)"
    }
  },
  "2 error pnpm": {
    "errno": -2,
    "code": "ERR_PNPM_RECURSIVE_EXEC_FIRST_FAIL",
    "syscall": "spawn watch",
    "path": "watch",
    "spawnargs": [],
    "originalMessage": "spawn watch ENOENT",
    "shortMessage": "Command failed with ENOENT: watch\nspawn watch ENOENT",
    "command": "watch",
    "escapedCommand": "watch",
    "failed": true,
    "timedOut": false,
    "isCanceled": false,
    "killed": false,
    "prefix": "/Users/thantyarzarhein/Desktop/milkdown-main/packages/common",
    "err": {
      "name": "Error",
      "message": "Command failed with ENOENT: watch\nspawn watch ENOENT",
      "code": "ERR_PNPM_RECURSIVE_EXEC_FIRST_FAIL",
      "stack": "Error: Command failed with ENOENT: watch\nspawn watch ENOENT\n    at Process.ChildProcess._handle.onexit (node:internal/child_process:282:19)\n    at onErrorNT (node:internal/child_process:480:16)\n    at processTicksAndRejections (node:internal/process/task_queues:83:21)"
    }
  }
}